<?xml version="1.0" encoding="UTF-8"?>
<testsuite xmlns:xsi="http://www.w3.org/2001/XMLSchema-instance" xsi:noNamespaceSchemaLocation="https://maven.apache.org/surefire/maven-surefire-plugin/xsd/surefire-test-report.xsd" name="com.liu.conditionalrefresh.DebouncerTest" time="1.097" tests="6" errors="0" skipped="0" failures="0">
  <properties>
[...]
</properties>
  <testcase name="debounce_taskExecuted" classname="com.liu.conditionalrefresh.DebouncerTest" time="0.199"/>
  <testcase name="debounce_differentKeys_independent" classname="com.liu.conditionalrefresh.DebouncerTest" time="0.215"/>
  <testcase name="debounce_taskException_notPreventSubsequent" classname="com.liu.conditionalrefresh.DebouncerTest" time="0.202"/>
  <testcase name="debounce_sameKey_deduplicates" classname="com.liu.conditionalrefresh.DebouncerTest" time="0.214"/>
  <testcase name="debounce_notExecutedImmediately" classname="com.liu.conditionalrefresh.DebouncerTest" time="0.062"/>
  <testcase name="debounce_afterShutdown_ignored" classname="com.liu.conditionalrefresh.DebouncerTest" time="0.203"/>
</testsuite>